I, [2017-02-22T15:01:20.010205 #17052]  INFO -- default-centos-68: -----> Converging <default-centos-68>...
I, [2017-02-22T15:01:20.010690 #17052]  INFO -- default-centos-68: Preparing files for transfer
I, [2017-02-22T15:01:20.010848 #17052]  INFO -- default-centos-68: Preparing dna.json
I, [2017-02-22T15:01:20.011124 #17052]  INFO -- default-centos-68: Resolving cookbook dependencies with Berkshelf 5.6.0...
I, [2017-02-22T15:01:32.716008 #17052]  INFO -- default-centos-68: Removing non-cookbook files before transfer
I, [2017-02-22T15:01:32.717163 #17052]  INFO -- default-centos-68: Preparing validation.pem
I, [2017-02-22T15:01:32.717346 #17052]  INFO -- default-centos-68: Preparing client.rb
I, [2017-02-22T15:01:32.794442 #17052]  INFO -- default-centos-68: -----> Chef Omnibus installation detected (install only if missing)
I, [2017-02-22T15:01:32.813481 #17052]  INFO -- default-centos-68: Transferring files to <default-centos-68>
I, [2017-02-22T15:01:34.808109 #17052]  INFO -- default-centos-68: Starting Chef Client, version 12.18.31
I, [2017-02-22T15:01:36.009386 #17052]  INFO -- default-centos-68: resolving cookbooks for run list: ["chef-patch::default"]
I, [2017-02-22T15:01:36.034898 #17052]  INFO -- default-centos-68: Synchronizing Cookbooks:
I, [2017-02-22T15:01:36.042872 #17052]  INFO -- default-centos-68:   - chef-patch (2.2.1)
I, [2017-02-22T15:01:36.043546 #17052]  INFO -- default-centos-68: Installing Cookbook Gems:
I, [2017-02-22T15:01:36.050612 #17052]  INFO -- default-centos-68: Compiling Cookbooks...
I, [2017-02-22T15:01:36.065256 #17052]  INFO -- default-centos-68: Converging 1 resources
I, [2017-02-22T15:01:36.065458 #17052]  INFO -- default-centos-68: Recipe: chef-patch::default
I, [2017-02-22T15:01:36.075774 #17052]  INFO -- default-centos-68:   * replace_line_or_add[5.2.3 Ensure SSH LogLevel is set to INFO (Scored)] action run (up to date)
I, [2017-02-22T15:01:36.112723 #17052]  INFO -- default-centos-68: 
I, [2017-02-22T15:01:36.112777 #17052]  INFO -- default-centos-68: Running handlers:
I, [2017-02-22T15:01:36.112949 #17052]  INFO -- default-centos-68: Running handlers complete
I, [2017-02-22T15:01:36.113090 #17052]  INFO -- default-centos-68: Chef Client finished, 0/1 resources updated in 01 seconds
I, [2017-02-22T15:01:36.183053 #17052]  INFO -- default-centos-68: Finished converging <default-centos-68> (0m16.17s).
